  [1m[36m (10.2ms)[0m  [1mCREATE TABLE "schema_migrations" ("version" varchar NOT NULL) [0m
  [1m[35m (0.2ms)[0m  select sqlite_version(*)
  [1m[36m (9.0ms)[0m  [1mCREATE UNIQUE INDEX "unique_schema_migrations" ON "schema_migrations" ("version")[0m
  [1m[35mActiveRecord::SchemaMigration Load (1.7ms)[0m  SELECT "schema_migrations".* FROM "schema_migrations"
Migrating to CreateUsers (20190808174847)
  [1m[36m (0.1ms)[0m  [1mbegin transaction[0m
  [1m[35m (4.5ms)[0m  CREATE TABLE "users" ("id" INTEGER PRIMARY KEY AUTOINCREMENT NOT NULL, "first_name" varchar, "last_name" varchar, "email" varchar, "age" integer, "created_at" datetime NOT NULL, "updated_at" datetime NOT NULL) 
  [1m[36mSQL (3.0ms)[0m  [1mINSERT INTO "schema_migrations" ("version") VALUES (?)[0m  [["version", "20190808174847"]]
  [1m[35m (5.5ms)[0m  commit transaction
  [1m[36mActiveRecord::SchemaMigration Load (2.0ms)[0m  [1mSELECT "schema_migrations".* FROM "schema_migrations"[0m
  [1m[36mActiveRecord::SchemaMigration Load (4.4ms)[0m  [1mSELECT "schema_migrations".* FROM "schema_migrations"[0m
  [1m[35mActiveRecord::SchemaMigration Load (0.7ms)[0m  SELECT "schema_migrations".* FROM "schema_migrations"
  [1m[36m (0.1ms)[0m  [1mbegin transaction[0m
  [1m[35mSQL (7.8ms)[0m  INSERT INTO "users" ("first_name", "last_name", "email", "age", "created_at", "updated_at") VALUES (?, ?, ?, ?, ?, ?)  [["first_name", "Mary"], ["last_name", "Adams"], ["email", "mary@adam.com"], ["age", 40], ["created_at", "2019-08-08 17:58:41.492446"], ["updated_at", "2019-08-08 17:58:41.492446"]]
  [1m[36m (3.8ms)[0m  [1mcommit transaction[0m
  [1m[35m (0.1ms)[0m  begin transaction
  [1m[36mSQL (3.8ms)[0m  [1mINSERT INTO "users" ("first_name", "last_name", "email", "age", "created_at", "updated_at") VALUES (?, ?, ?, ?, ?, ?)[0m  [["first_name", "Grace"], ["last_name", "Pen"], ["email", "grace@pen.com"], ["age", 40], ["created_at", "2019-08-08 18:01:11.678476"], ["updated_at", "2019-08-08 18:01:11.678476"]]
  [1m[35m (4.0ms)[0m  commit transaction
  [1m[36m (0.1ms)[0m  [1mbegin transaction[0m
  [1m[35mSQL (5.5ms)[0m  INSERT INTO "users" ("first_name", "last_name", "email", "age", "created_at", "updated_at") VALUES (?, ?, ?, ?, ?, ?)  [["first_name", "Vic"], ["last_name", "Ann"], ["email", "vic@ann.com"], ["age", 20], ["created_at", "2019-08-08 18:04:34.209707"], ["updated_at", "2019-08-08 18:04:34.209707"]]
  [1m[36m (4.5ms)[0m  [1mcommit transaction[0m
  [1m[35m (0.1ms)[0m  begin transaction
  [1m[36mSQL (4.4ms)[0m  [1mINSERT INTO "users" ("first_name", "last_name", "email", "age", "created_at", "updated_at") VALUES (?, ?, ?, ?, ?, ?)[0m  [["first_name", "Larry"], ["last_name", "Gaga"], ["email", "larry@gaga.com"], ["age", 30], ["created_at", "2019-08-08 18:06:51.085770"], ["updated_at", "2019-08-08 18:06:51.085770"]]
  [1m[35m (8.3ms)[0m  commit transaction
  [1m[36mUser Load (2.6ms)[0m  [1mSELECT "users".* FROM "users"[0m
  [1m[35mUser Load (2.5ms)[0m  SELECT "users".* FROM "users"
  [1m[36mUser Load (2.7ms)[0m  [1mSELECT  "users".* FROM "users"  ORDER BY "users"."id" ASC LIMIT 1[0m
  [1m[35mUser Load (2.4ms)[0m  SELECT  "users".* FROM "users"  ORDER BY "users"."id" DESC LIMIT 1
  [1m[36mUser Load (2.2ms)[0m  [1mSELECT  "users".* FROM "users" WHERE "users"."id" = ? LIMIT 1[0m  [["id", nil]]
  [1m[35mUser Load (1.6ms)[0m  SELECT  "users".* FROM "users" WHERE "users"."id" = ? LIMIT 1  [["id", 3]]
  [1m[36mUser Load (2.9ms)[0m  [1mSELECT  "users".* FROM "users" WHERE "users"."id" = ? LIMIT 1[0m  [["id", 3]]
  [1m[35m (0.1ms)[0m  begin transaction
  [1m[36mSQL (6.3ms)[0m  [1mUPDATE "users" SET "last_name" = ?, "updated_at" = ? WHERE "users"."id" = ?[0m  [["last_name", "Ena"], ["updated_at", "2019-08-08 18:20:03.019793"], ["id", 4]]
  [1m[35m (6.1ms)[0m  commit transaction
  [1m[36mUser Load (2.5ms)[0m  [1mSELECT "users".* FROM "users"[0m
  [1m[35mUser Load (2.7ms)[0m  SELECT  "users".* FROM "users" WHERE "users"."id" = ? LIMIT 1  [["id", 4]]
  [1m[36m (0.1ms)[0m  [1mbegin transaction[0m
  [1m[35mSQL (5.1ms)[0m  UPDATE "users" SET "last_name" = ?, "updated_at" = ? WHERE "users"."id" = ?  [["last_name", "Gaga"], ["updated_at", "2019-08-08 18:21:48.041067"], ["id", 4]]
  [1m[36m (4.3ms)[0m  [1mcommit transaction[0m
  [1m[35mUser Load (4.9ms)[0m  SELECT "users".* FROM "users"
  [1m[36mUser Load (2.3ms)[0m  [1mSELECT  "users".* FROM "users" WHERE "users"."id" = ? LIMIT 1[0m  [["id", 3]]
  [1m[35m (0.1ms)[0m  begin transaction
  [1m[36mSQL (4.3ms)[0m  [1mUPDATE "users" SET "last_name" = ?, "updated_at" = ? WHERE "users"."id" = ?[0m  [["last_name", "Ena"], ["updated_at", "2019-08-08 18:22:47.497383"], ["id", 4]]
  [1m[35m (5.5ms)[0m  commit transaction
  [1m[36mUser Load (2.8ms)[0m  [1mSELECT "users".* FROM "users"[0m
  [1m[35mUser Load (2.7ms)[0m  SELECT  "users".* FROM "users" WHERE "users"."id" = ? LIMIT 1  [["id", 4]]
  [1m[36m (0.1ms)[0m  [1mbegin transaction[0m
  [1m[35mSQL (6.4ms)[0m  UPDATE "users" SET "last_name" = ?, "updated_at" = ? WHERE "users"."id" = ?  [["last_name", "Gaga"], ["updated_at", "2019-08-08 18:23:34.786252"], ["id", 4]]
  [1m[36m (8.0ms)[0m  [1mcommit transaction[0m
  [1m[35mUser Load (3.0ms)[0m  SELECT "users".* FROM "users"
  [1m[36mUser Load (2.3ms)[0m  [1mSELECT  "users".* FROM "users" WHERE "users"."id" = ? LIMIT 1[0m  [["id", 3]]
  [1m[35m (0.1ms)[0m  begin transaction
  [1m[36mSQL (8.0ms)[0m  [1mUPDATE "users" SET "last_name" = ?, "updated_at" = ? WHERE "users"."id" = ?[0m  [["last_name", "Ena"], ["updated_at", "2019-08-08 18:26:03.348492"], ["id", 3]]
  [1m[35m (7.0ms)[0m  commit transaction
  [1m[36mUser Load (12.6ms)[0m  [1mSELECT "users".* FROM "users"[0m
  [1m[35mUser Load (1.2ms)[0m  SELECT "users".* FROM "users"  ORDER BY "users"."first_name" DESC
  [1m[36mUser Exists (2.1ms)[0m  [1mSELECT  1 AS one FROM "users" WHERE "users"."email" IS NULL LIMIT 1[0m
  [1m[35m (0.1ms)[0m  begin transaction
  [1m[36mUser Exists (2.0ms)[0m  [1mSELECT  1 AS one FROM "users" WHERE "users"."email" IS NULL LIMIT 1[0m
  [1m[35m (0.2ms)[0m  rollback transaction
  [1m[36mUser Load (2.7ms)[0m  [1mSELECT  "users".* FROM "users" WHERE "users"."id" = ? LIMIT 1[0m  [["id", 4]]
  [1m[35mUser Load (2.8ms)[0m  SELECT "users".* FROM "users"
  [1m[36mUser Load (4.9ms)[0m  [1mSELECT  "users".* FROM "users" WHERE "users"."id" = ? LIMIT 1[0m  [["id", 4]]
  [1m[35m (1.0ms)[0m  begin transaction
  [1m[36mSQL (11.5ms)[0m  [1mDELETE FROM "users" WHERE "users"."id" = ?[0m  [["id", 4]]
  [1m[35m (8.7ms)[0m  commit transaction
  [1m[36m (0.1ms)[0m  [1mbegin transaction[0m
  [1m[35mUser Exists (2.0ms)[0m  SELECT  1 AS one FROM "users" WHERE (LOWER("users"."email") = LOWER('larry@gaga.com') AND "users"."id" != 4) LIMIT 1
  [1m[36m (0.3ms)[0m  [1mcommit transaction[0m
  [1m[35mUser Load (2.8ms)[0m  SELECT "users".* FROM "users"
